points (4,-25) (25,8) (-10,43) (-81,22) (82,82) distance 336.35 shortcut 132.41
points (-23,6) (-38,47) (-37,-77) (-89,-17) (21,-93) (-97,73) distance 584.43 shortcut 99.82
points (9,36) (-46,66) (-81,-21) (10,-85) (-87,50) distance 433.91 shortcut 97.02
points (17,26) (48,25) (-35,-44) (52,48) (41,-76) (20,87) (-86,-34) (37,87) (-39,89) (-78,-93) distance 1149.97 shortcut 152.27
points (-27,-17) (49,-19) (52,29) (42,-43) (-4,64) (34,61) (-69,-33) (59,64) (-38,93) distance 752.69 shortcut 110.55
points (-6,-6) (2,-10) (20,28) (-63,-20) (73,12) (-13,-83) (98,18) (-62,-93) (95,68) distance 984.41 shortcut 125.21
points (12,-2) (63,-11) (40,-59) (-2,-95) (13,-100) (-89,95) distance 396.21 shortcut 140.04
points (-8,6) (12,7) (-29,13) (-26,32) (47,-13) (76,-45) (93,-9) (-62,-92) (61,-96) distance 548.34 shortcut 123.15
points (26,29) (28,33) (-47,24) (-42,33) (69,53) (-95,73) distance 368.31 shortcut 128.75
points (-1,-8) (-26,-1) (57,-37) (40,68) (-71,-65) (-95,-28) distance 440.14 shortcut 96.10
points (-26,-18) (-7,48) (58,40) (-4,86) (48,-75) (-7,97) (89,-47) (-63,86) distance 936.18 shortcut 110.39
points (-27,-4) (-39,33) (35,87) (73,-62) (-69,67) (61,89) (89,85) distance 636.25 shortcut 146.21
points (33,-15) (81,16) (-83,34) (-55,-95) distance 354.13 shortcut 118.93
points (11,9) (17,-29) (38,-57) (73,-15) distance 128.14 shortcut 66.48
points (-63,14) (71,17) (40,-73) (-84,-75) (79,-90) distance 516.93 shortcut 176.01
points (-1,-33) (58,39) (74,-22) (1,89) (-96,-3) (-43,-93) distance 527.14 shortcut 73.24
points (12,2) (14,4) (80,64) distance 92.02 shortcut 92.02
points (31,57) (-68,53) (67,-71) (-15,-100) (-99,-39) (-73,94) distance 608.69 shortcut 110.39
points (39,-36) (-56,-55) (91,-3) (-59,-74) (75,65) (-27,100) distance 719.67 shortcut 151.17
points (-2,14) (-52,7) (14,-76) (79,-28) (75,-66) (60,100) distance 442.22 shortcut 106.02
points (-16,-85) (-88,-34) (-83,49) (-64,-86) (-75,84) distance 478.07 shortcut 179.00
points (13,55) (70,-22) (-81,-47) distance 248.86 shortcut 138.71
points (28,-8) (-17,30) (48,28) (-78,37) (84,88) distance 420.09 shortcut 111.14
points (-55,4) (43,44) (-71,-25) distance 239.10 shortcut 33.12
points (-42,0) (-45,-38) (52,63) (-100,21) (-30,98) distance 439.91 shortcut 98.73
points (17,-12) (-24,12) (-8,-51) (-56,9) (-60,49) (75,-43) (-96,6) (72,-93) (80,96) distance 954.96 shortcut 125.03
points (-25,-6) (31,-4) (48,-17) (70,-83) (-56,97) (-92,93) (-98,-88) distance 584.05 shortcut 109.79
points (-24,18) (-63,48) (55,-59) (80,45) distance 315.46 shortcut 107.45
points (8,-51) (-42,-80) (-35,100) (-92,72) distance 301.44 shortcut 158.52
points (-47,-2) (-28,42) (-65,-2) (53,-49) (86,-100) distance 293.18 shortcut 165.21
points (-19,-6) (31,-39) (71,-9) (-52,-50) (-54,64) (-98,7) (-47,-89) (70,-87) distance 651.31 shortcut 120.34
points (-17,16) (-43,-32) (66,52) (67,60) (96,-6) (89,-55) (-94,46) (-40,98) (-97,-54) (70,-89) distance 938.80 shortcut 136.36
points (-30,-14) (-41,-2) (-55,38) (-70,-23) (75,-23) (-78,-59) (-98,8) (90,-44) (-78,-73) (96,-70) distance 1033.14 shortcut 137.88
points (-49,14) (-90,23) (73,58) (80,-49) (6,96) (74,-77) distance 664.60 shortcut 153.00
points (-43,40) (77,17) (-60,-53) (77,28) (-81,-45) distance 609.23 shortcut 93.11
points (8,12) (48,65) (-82,-25) (-99,48) distance 299.47 shortcut 112.89
points (2,23) (23,45) (-76,14) (-78,-3) (-1,-91) (60,71) (94,12) (34,95) (-92,57) (87,70) distance 922.89 shortcut 97.13
points (9,14) (25,20) (-62,22) (-17,-69) (59,-43) (-86,16) (-73,51) distance 479.83 shortcut 89.96
points (-2,-19) (-22,-10) (-56,25) (31,-59) (25,71) (98,-71) (-98,87) distance 733.22 shortcut 143.01
points (-22,9) (21,-16) (-30,-22) (-46,25) (-25,-80) (-59,77) (-50,90) (81,-86) (79,96) distance 835.68 shortcut 133.30
points (-26,53) (-44,-44) (-56,-62) (-6,94) (40,-94) (61,-82) (-56,-96) distance 619.67 shortcut 151.99
points (4,-9) (15,10) (-60,17) (12,72) (80,-35) (-97,16) (81,-61) (-100,-35) distance 875.66 shortcut 107.20
points (31,1) (33,4) (13,-49) (-88,-88) distance 168.52 shortcut 148.60
points (-11,5) (11,-79) (-85,-42) distance 189.72 shortcut 87.66
points (-15,39) (20,-74) (-7,77) (68,59) (-28,88) (-76,61) (84,65) (-95,-53) (-70,-97) (-85,-96) distance 944.26 shortcut 152.07
points (4,-58) (-74,6) (-56,-79) (48,94) distance 389.63 shortcut 158.24
points (-3,-59) (-36,-56) (62,-34) (88,48) (63,82) (-99,31) (44,-100) (-81,-89) distance 751.05 shortcut 83.57
points (-32,1) (-35,79) (-67,-79) distance 239.27 shortcut 87.32
points (-29,17) (26,39) (-27,-56) (-50,-68) (83,-17) (-57,80) (-99,-53) distance 646.20 shortcut 98.99
points (6,20) (13,21) (-41,34) (-31,64) (69,-27) (-1,-75) (80,83) distance 491.87 shortcut 97.19
points (-52,21) (25,-53) (6,89) (-95,-19) (-82,65) (49,100) (86,-91) distance 813.07 shortcut 177.73
points (7,-42) (64,-32) (21,-79) (-39,80) (94,-2) (-85,-62) distance 636.55 shortcut 94.15
points (-8,-8) (57,1) (45,49) (39,57) (-35,70) (74,-42) distance 356.52 shortcut 88.77
points (-12,-9) (-24,9) (-4,-45) (82,18) (-67,70) (-69,84) distance 357.78 shortcut 109.08
points (-5,53) (-39,-49) (-35,-58) (-8,-71) (-73,-9) (71,20) (-74,46) (-77,84) distance 569.48 shortcut 78.39
points (1,3) (9,49) (-72,6) (-57,47) (-74,-29) distance 259.93 shortcut 81.54
points (24,42) (85,30) (32,88) (60,76) (-73,64) (45,88) distance 425.16 shortcut 50.57
points (12,7) (0,-21) (41,16) (11,-65) (-74,-23) (-61,-57) (30,-96) (70,-75) distance 447.46 shortcut 100.44
points (-8,-12) (36,-2) (48,-31) (49,-79) distance 124.52 shortcut 87.97
points (-5,-18) (-63,10) (77,-9) (78,1) (6,-78) (-92,-3) distance 446.03 shortcut 88.28
points (39,-26) (-35,79) (-53,-78) (-39,-91) (-72,-70) (63,85) (-98,58) (-76,-99) distance 872.04 shortcut 136.21
points (-19,5) (-52,7) (-30,-48) (-62,12) (-40,-80) (76,50) (-74,57) (-81,47) (97,31) distance 770.21 shortcut 118.88
points (44,5) (32,-55) (-41,-54) (74,35) (-25,82) (16,94) (63,73) (-57,78) (-97,-42) (95,88) distance 961.87 shortcut 97.42
points (0,-4) (-31,-15) (14,44) (-63,12) (36,69) (83,37) (10,-92) (83,50) (99,-85) distance 805.41 shortcut 127.91
points (-10,62) (-10,-68) (-42,61) (-25,-76) (-47,-85) (2,99) distance 615.14 shortcut 38.90
points (23,13) (0,34) (-64,-46) (49,-98) (-97,94) distance 499.19 shortcut 144.78
points (-32,-45) (27,-63) (-6,-73) (-68,-53) (36,-91) (79,59) (-97,-43) (60,-91) distance 795.67 shortcut 102.86
points (40,-42) (84,23) (90,33) distance 90.15 shortcut 90.14
points (21,0) (-19,17) (-61,-11) (-61,-31) (-67,-42) (74,43) (85,18) (-32,-96) (-89,83) distance 669.63 shortcut 137.80
points (20,34) (35,-53) (-51,-39) (-36,-80) (-84,-28) (-67,78) (92,49) (96,-74) distance 681.88 shortcut 132.06
points (-44,-64) (-76,-37) (-43,-79) (98,-6) (96,63) distance 323.09 shortcut 189.02
points (12,10) (38,-41) (-79,-38) (36,82) distance 340.49 shortcut 75.89
points (31,31) (41,-40) (-32,57) (34,-57) (-20,-90) (-92,-59) (54,96) distance 679.44 shortcut 68.95
points (-38,-12) (20,-75) (69,39) (-83,-29) (-34,-91) (-27,96) (-68,-76) (37,-97) (38,-97) distance 927.29 shortcut 114.02
points (-50,-12) (82,-4) (-20,-85) (32,-82) (80,-58) (97,32) (-62,-86) (70,-89) distance 789.87 shortcut 142.58
points (-76,22) (-35,-93) (77,81) distance 329.02 shortcut 163.98
points (-40,24) (57,-22) (64,1) (72,-44) (-53,-67) (10,-98) (89,-93) distance 453.57 shortcut 174.16
points (-25,-33) (-37,31) (77,28) (73,-66) (-49,95) (-81,82) distance 509.78 shortcut 127.91
points (-7,20) (0,47) (38,54) (73,-6) (-35,-76) (84,19) (81,-30) (80,46) (-81,-54) (-89,41) distance 826.93 shortcut 84.65
points (-16,-25) (-13,33) (-20,30) (32,36) (37,55) (79,29) (92,13) (-81,-79) (88,84) distance 638.44 shortcut 150.66
points (30,-10) (0,34) (-32,26) (-39,39) (82,3) (36,-85) (-44,-100) (91,-65) (-85,73) (-86,85) distance 783.09 shortcut 149.94
points (-20,5) (13,-33) (70,11) (-78,-11) (-57,72) (92,45) (-83,91) distance 689.95 shortcut 106.61
points (-70,31) (-83,31) (23,87) (25,94) (-43,-100) (-82,-95) distance 385.05 shortcut 126.57
points (-5,-78) (89,16) (-55,-86) distance 309.40 shortcut 50.64
points (17,13) (22,27) (24,-26) (71,3) (67,-46) (1,82) (87,1) (97,3) (-93,-36) (84,-74) distance 819.64 shortcut 109.81
points (10,17) (6,-47) (-29,47) (58,8) (-81,-3) (99,-10) (-97,51) distance 784.61 shortcut 112.27
points (-54,22) (16,-67) (-39,75) (79,-40) (88,15) (97,-31) (99,31) (63,92) (92,-94) distance 853.99 shortcut 186.47
points (-10,-7) (16,-19) (-10,72) (-92,36) distance 212.83 shortcut 92.59
points (-8,-3) (1,33) (-5,-42) (18,90) (-97,6) (96,48) distance 586.26 shortcut 115.83
points (-28,-5) (41,-31) (9,51) (52,0) (-51,29) (31,-68) (80,-46) (-53,100) (69,-93) (-79,-87) distance 1090.14 shortcut 96.57
points (-58,-9) (-5,-75) (39,-93) (99,30) (-67,-93) distance 475.64 shortcut 84.48
points (-50,-6) (32,43) (-84,70) distance 214.63 shortcut 83.26
points (36,25) (-33,32) (-1,-47) (-23,-59) (-13,-70) (65,-36) (86,28) (43,-91) (-94,-61) (93,-75) distance 801.26 shortcut 115.10
points (-26,-57) (-74,-30) (-32,-74) (-27,-76) (-94,93) distance 303.08 shortcut 164.69
points (36,36) (-63,61) (-82,-90) (81,95) distance 500.86 shortcut 74.20
points (2,32) (35,44) (-74,-6) (-82,55) (-56,89) distance 259.36 shortcut 81.32
points (-17,-38) (85,-30) (65,76) (-37,97) (68,81) distance 420.53 shortcut 146.24
points (-6,-19) (39,-35) (-70,-16) (-35,72) (-80,31) (-1,89) (57,-71) (-87,-34) (-50,82) (-53,86) distance 857.61 shortcut 115.04
points (28,70) (-71,45) (-87,13) (-46,-82) distance 241.35 shortcut 169.06
points (45,18) (-48,-52) (-66,39) (90,-41) (-24,97) (-49,97) distance 588.48 shortcut 122.79
points (-34,42) (-23,75) (63,-47) (66,50) (-81,29) (-29,-99) (-98,86) (91,100) distance 954.71 shortcut 137.80
points (29,-25) (-45,-36) (-64,-13) (8,68) (11,74) (12,-84) (80,70) distance 546.08 shortcut 107.82
points (23,19) (79,17) (63,-56) (90,-29) (-69,-79) (-63,-99) (89,-87) (-91,94) distance 764.25 shortcut 136.46
points (-20,-26) (-44,31) (-52,32) (-36,68) (26,-74) (-89,-24) (-70,72) distance 487.51 shortcut 110.02
points (-21,-15) (-31,-3) (-31,-55) (-28,-70) (77,4) (50,-78) (-33,89) (88,-76) distance 688.80 shortcut 124.91
points (52,3) (89,6) (100,2) (-100,4) (-37,-95) (89,54) (88,-58) distance 673.32 shortcut 70.83
points (-55,3) (-70,31) (-79,42) (-92,1) (100,-2) (89,84) distance 367.71 shortcut 165.22
points (2,20) (-25,-55) (60,30) (87,9) (83,50) (82,68) distance 293.35 shortcut 93.30
points (13,23) (-67,39) (-74,27) (-6,84) (-41,-93) distance 364.63 shortcut 127.95
points (0,3) (-29,14) (-14,-58) (26,-55) (-92,6) (74,57) (48,83) (96,-5) (97,-13) (94,38) distance 647.33 shortcut 100.30
points (66,-60) (86,-29) (-100,-27) (91,-50) (-89,-73) distance 596.75 shortcut 155.54
points (-39,15) (-4,-75) (83,11) (81,-64) distance 293.92 shortcut 143.67
points (-2,-3) (58,72) (-64,89) distance 219.23 shortcut 110.94
points (32,17) (49,-49) (88,8) (59,74) (-82,-58) distance 402.45 shortcut 136.46
points (57,-30) (52,49) (-73,8) (-74,59) distance 261.72 shortcut 158.37
points (-14,-26) (-17,25) (6,32) (-21,-29) (-54,1) (-3,71) (67,51) (89,-4) (91,-47) (-65,89) distance 655.09 shortcut 125.80
points (55,-8) (46,45) (62,-32) (52,49) (-80,-27) (-29,85) (-92,44) (98,76) distance 757.24 shortcut 94.37
points (-19,-10) (23,-26) (-59,28) (-32,66) (62,-58) (18,88) (6,93) (-96,8) (-94,-46) distance 697.64 shortcut 83.19
points (44,-11) (-61,-48) (-5,-78) (35,-81) (77,61) (58,86) distance 394.45 shortcut 98.01
points (-3,39) (22,-50) (92,-29) (-71,68) (96,36) (52,90) (-65,-87) (-94,-60) distance 846.70 shortcut 134.47
points (-41,-25) (68,-25) (-28,-70) (55,-69) (-49,75) (96,18) (100,31) (-94,-94) distance 875.84 shortcut 87.01
points (-25,-24) (-4,45) (-30,52) (62,22) (66,12) (-66,-45) (31,74) (86,-21) distance 613.67 shortcut 111.04
points (3,-76) (60,-54) (83,14) (31,-84) (72,58) distance 391.62 shortcut 150.72
points (-22,-21) (27,16) (28,64) (-70,2) (60,-63) (98,-49) (-82,76) (-86,-85) (-79,93) distance 969.55 shortcut 127.46
points (-3,29) (41,7) (0,-63) (73,22) (73,29) (96,-65) distance 346.13 shortcut 136.52
points (23,-2) (3,28) (80,4) (-99,-60) (76,94) distance 539.92 shortcut 109.66
points (5,-92) (-100,-5) (-69,-84) distance 221.22 shortcut 74.43
points (33,46) (-39,50) (23,61) (-33,57) (25,-64) (73,5) (74,77) (95,-55) (-68,94) (68,100) distance 972.10 shortcut 64.35
points (7,5) (-55,14) (59,49) (-38,83) (-73,58) (-42,-89) (86,-70) distance 607.34 shortcut 108.93
points (53,-65) (-71,-74) (-93,-59) distance 150.95 shortcut 146.12
points (-13,-18) (-18,59) (31,-87) (-87,-39) (53,97) distance 553.74 shortcut 132.59
points (-4,22) (29,36) (6,-62) (-61,-14) (0,73) (74,-9) (57,64) (-64,59) (-58,96) distance 669.18 shortcut 91.61
points (30,-17) (-25,-51) (-79,12) distance 147.64 shortcut 112.79
points (14,24) (-43,7) (-15,57) (-68,-53) (-12,88) (89,-89) distance 594.39 shortcut 135.62
points (-3,15) (11,-17) (-13,50) (-45,-52) (6,-77) (84,11) (75,50) (-73,-69) (85,-62) (98,87) distance 925.04 shortcut 124.04
points (23,32) (-34,-23) (-52,42) (-73,-41) (87,-7) (70,-55) (-93,-21) (-97,32) (-83,71) distance 707.86 shortcut 112.95
points (-16,54) (-6,62) (-71,33) (68,-41) (78,-29) (-58,-63) (-64,-65) (39,92) (69,-99) distance 784.70 shortcut 175.03
points (-73,-10) (-64,39) (97,-8) (-21,99) (-55,-95) distance 573.79 shortcut 86.88
points (13,39) (3,65) (67,20) (48,67) (-71,-42) (-73,47) (88,5) (-18,-93) (88,-57) (94,-64) distance 839.10 shortcut 131.03
points (-35,-21) (61,25) (95,39) (90,52) (67,95) distance 205.91 shortcut 154.47
points (38,-25) (-11,-95) (-6,-98) (35,-95) distance 132.39 shortcut 70.06
points (-30,13) (16,32) (23,64) (40,55) (67,64) (-35,-86) (-71,-71) (96,47) (-86,66) distance 738.09 shortcut 77.10
points (-73,-11) (0,-94) (45,99) distance 308.71 shortcut 161.32
points (-7,-22) (5,-37) (-63,-64) (-42,91) (-76,79) (87,79) (77,-95) distance 622.13 shortcut 111.29
points (-33,13) (18,44) (-17,45) (-58,-37) (78,-50) (-40,93) (65,-84) distance 714.20 shortcut 137.89
points (-3,-19) (3,35) (31,-22) (60,-28) (-63,62) (87,42) distance 451.19 shortcut 108.72
points (14,12) (-30,-44) (-8,57) (-15,-65) (80,-30) (89,-16) (77,59) (-66,78) (74,91) (78,97) distance 782.70 shortcut 106.40
points (16,4) (18,-30) (38,-52) (-3,79) (-44,79) (82,-49) (-94,-25) (73,-90) (93,-89) distance 798.53 shortcut 120.74
points (-14,48) (-47,29) (27,49) (-78,1) (-47,-72) (42,84) (19,94) (-87,-84) distance 721.35 shortcut 150.84
points (22,-27) (-9,85) (-84,-54) distance 274.15 shortcut 109.38
points (-36,16) (-40,52) (-66,-9) (-57,73) (-39,-90) (68,-74) (-95,39) (-65,87) (-98,-95) distance 897.11 shortcut 127.14
points (58,-11) (69,21) (-74,23) distance 176.85 shortcut 136.31
points (-36,57) (71,24) (-51,-61) (-54,-64) distance 264.91 shortcut 122.33
points (65,13) (-42,-52) (27,63) (-18,70) (39,-63) (-23,-73) (-77,31) (-95,-13) distance 677.07 shortcut 162.10
points (21,-40) (-13,-55) (54,55) (85,1) (-90,16) distance 403.87 shortcut 124.33
points (-17,-32) (-31,-41) (-23,71) (76,-9) (-73,-34) (52,67) (94,-41) (-67,-99) distance 855.01 shortcut 83.60
points (3,-41) (67,-27) (58,53) (79,77) distance 177.91 shortcut 140.36
points (11,32) (49,10) (-17,-53) (14,-78) (-12,81) (70,-67) (-21,97) (24,-100) (65,-83) distance 939.30 shortcut 127.05
points (31,-31) (-22,-47) (-48,29) (22,61) (-77,-72) (-90,60) (-77,-92) distance 663.65 shortcut 124.04
points (40,30) (-3,83) (76,55) (30,-92) distance 306.09 shortcut 122.41
points (33,-27) (-37,-53) (-55,47) (-31,81) (-79,-45) (-20,95) (-61,100) (98,-76) distance 783.14 shortcut 81.40
points (-39,-62) (36,-76) (-68,-71) (-96,75) distance 329.08 shortcut 148.38
points (-32,-14) (-48,-5) (40,-54) (-38,62) (-32,73) (92,-44) (67,84) (88,-73) (74,-95) distance 756.77 shortcut 133.41
points (-28,47) (32,68) (94,65) distance 125.64 shortcut 123.32
points (31,-33) (11,45) (62,-40) (-61,-45) (-41,-72) (-20,87) (17,94) (-100,100) distance 651.54 shortcut 186.68
points (-3,-28) (87,-17) (100,-29) (-54,99) distance 308.61 shortcut 136.86
points (1,3) (-27,28) (-25,-33) (-42,14) (-47,45) (67,11) (80,-7) (-75,-46) (-72,69) distance 595.99 shortcut 98.41
points (-40,18) (-23,-46) (-54,-14) (-52,66) (-95,22) distance 252.32 shortcut 55.15
points (-11,6) (79,10) (23,85) (30,87) (-31,-90) (-99,20) (83,-69) distance 710.10 shortcut 120.25
points (-27,63) (76,19) (-86,-16) (-59,66) (90,-21) (-98,80) distance 750.03 shortcut 73.01
points (-31,14) (56,-27) (-50,-70) (26,84) (24,-92) (-61,75) distance 745.70 shortcut 67.98
points (-32,22) (77,-10) (-15,-90) (-53,-78) (87,-43) (96,-19) (95,-79) distance 505.32 shortcut 162.27
points (-29,-34) (-46,43) (-27,-61) (-24,84) (-31,90) (-74,-71) (-91,55) (94,-64) distance 852.58 shortcut 126.61
points (44,-29) (53,-22) (-46,37) (70,44) (-81,28) (-89,52) (96,-65) distance 638.90 shortcut 63.25
points (-56,5) (-56,-17) (-59,-18) (-71,-11) (-27,-67) (8,-75) (-32,-73) (3,85) (41,91) (95,-32) distance 520.86 shortcut 155.47
points (31,12) (23,43) (73,-17) (-43,74) (-24,-85) (41,87) (-91,43) (-54,-97) (81,86) distance 1112.91 shortcut 89.31
points (-16,-6) (-6,34) (-9,-52) (-51,53) (45,66) (61,73) (-84,47) distance 502.02 shortcut 86.21
points (-32,-43) (-49,-30) (17,58) (69,29) (34,-96) distance 320.75 shortcut 84.65
points (26,25) (33,40) (-54,-24) (-35,-72) (85,14) (-66,74) distance 486.30 shortcut 104.24
points (52,-77) (75,57) (48,-84) distance 279.52 shortcut 8.06
points (15,-28) (81,5) (85,3) (21,93) (81,90) distance 248.77 shortcut 135.20
points (-2,-9) (-21,-9) (-23,-49) (-9,70) (-29,-82) distance 332.18 shortcut 77.83
points (-36,43) (58,-15) (16,75) (-78,32) distance 313.14 shortcut 43.42
points (35,-1) (-9,46) (50,23) (53,-36) (61,-46) (84,0) (66,-72) (48,-91) (91,-56) (-83,-74) distance 581.78 shortcut 138.76
points (18,-24) (-2,63) (60,30) (32,75) distance 212.50 shortcut 99.98
points (43,27) (63,10) (-51,88) (82,-78) distance 377.09 shortcut 112.01
points (18,-2) (67,-56) (25,91) (97,-6) (82,-67) (89,79) distance 555.59 shortcut 107.71
points (17,43) (-4,47) (-33,56) (73,13) (75,-20) (-59,-52) (74,-67) (-100,17) (-85,-61) distance 743.45 shortcut 145.67
points (9,-27) (21,-27) (-74,-38) (60,-86) (98,41) distance 382.54 shortcut 112.00
points (34,15) (5,44) (-90,-3) (16,-96) distance 288.02 shortcut 112.45
points (-30,29) (-75,27) (-80,-1) (46,-69) (-83,25) distance 376.28 shortcut 53.15
points (7,35) (83,-74) (-70,94) distance 360.11 shortcut 97.01
points (8,-33) (-30,-40) (3,53) (-26,71) (100,-11) (93,62) distance 395.12 shortcut 127.48
points (-15,-37) (-79,-4) (84,-48) (-65,-74) (89,50) distance 589.81 shortcut 135.59
points (-12,-5) (-7,-25) (49,41) (0,85) (85,-41) (-11,-98) (-20,100) (91,60) distance 752.86 shortcut 121.79
points (5,10) (-12,-47) (-46,35) (-70,2) (58,44) (60,77) (-70,71) (-95,-37) (-41,95) (71,-84) distance 951.59 shortcut 114.86
points (-8,-4) (23,-10) (-65,-10) (-37,-94) distance 208.12 shortcut 94.56
points (49,-4) (-64,60) (25,-92) (-95,-97) distance 426.11 shortcut 171.42
points (-55,-17) (72,48) (92,6) (72,64) (90,48) distance 274.62 shortcut 158.90
points (25,2) (-20,25) (4,-46) (88,7) (-36,86) (0,100) (87,-98) distance 626.73 shortcut 117.66
points (32,30) (-56,17) (-31,52) (20,62) distance 183.94 shortcut 34.18
points (-25,-14) (35,1) (-42,-28) (31,-41) (-55,-8) (0,-58) (61,-53) distance 445.92 shortcut 94.43
points (-16,74) (67,51) (70,-93) (98,-65) distance 269.76 shortcut 179.77
points (-7,54) (-65,-9) (14,-71) (64,-50) (-76,53) (-91,92) distance 455.88 shortcut 92.20
points (-35,-52) (-55,73) (91,14) (-95,-18) distance 472.79 shortcut 68.96
points (-18,-32) (-69,-7) (-75,36) (-52,-71) distance 209.66 shortcut 51.74
points (-56,26) (-22,73) (-89,-31) distance 181.72 shortcut 65.86
points (28,-10) (-18,-39) (-52,30) (83,1) (79,-29) (-38,-80) (-13,-92) (27,95) (83,62) (93,-74) distance 847.61 shortcut 91.22
points (-16,20) (-24,-20) (-36,-15) (66,-22) (-36,71) (-78,-19) (-96,1) (-71,84) (94,73) distance 672.34 shortcut 122.10
points (-35,-8) (14,67) (-87,-26) (-38,-92) (-91,51) distance 461.59 shortcut 81.34
points (-16,5) (-54,49) (39,69) (19,-81) (-9,91) (83,-55) (-100,4) (82,63) distance 1035.02 shortcut 113.88
points (-15,-33) (29,50) (-36,49) (-71,30) (92,-26) (-94,-39) (-93,-52) (-79,-94) distance 614.89 shortcut 88.41
points (19,-3) (25,-20) (-37,-2) (-41,66) (-100,-36) (95,57) distance 484.58 shortcut 96.83
points (29,-34) (36,-36) (10,69) (11,74) (81,-47) (-16,98) (37,100) distance 487.83 shortcut 134.24
points (-30,-5) (-37,40) (-12,65) (-9,74) (-86,-1) (-11,-91) (53,84) (98,66) distance 549.83 shortcut 146.37
points (76,-18) (70,-78) (71,-87) (68,94) distance 250.38 shortcut 112.29
points (44,6) (19,53) (-36,61) (-73,45) (-94,1) (90,-59) distance 391.42 shortcut 79.63
points (49,55) (57,-57) (-81,-80) (69,96) (95,81) distance 513.45 shortcut 52.84
points (-17,-20) (-46,-7) (-33,60) (-80,-16) (-95,50) (-87,-69) (91,98) distance 620.42 shortcut 159.96
points (44,33) (25,-53) (71,30) (-27,80) (-53,72) (-65,-84) distance 476.65 shortcut 159.91
points (-7,-22) (26,26) (34,23) (-5,53) (55,-73) (67,75) (-54,89) (-97,-75) (99,-96) distance 892.51 shortcut 129.27
points (-31,0) (37,21) (67,12) (-38,-62) (-77,28) (38,-73) (11,87) (-92,-12) (-80,-75) distance 851.35 shortcut 89.59
points (-21,37) (-47,5) (-40,26) (57,22) (-51,38) (-87,39) (61,-79) (91,92) distance 668.54 shortcut 124.78
points (-20,42) (43,-31) (80,-14) (53,-66) (87,-1) (-73,-56) (86,37) (-98,-43) (81,88) (88,98) distance 1057.14 shortcut 121.66
points (27,35) (60,-23) (-28,-60) (-53,-86) distance 198.26 shortcut 145.06
points (53,23) (36,-47) (-61,6) (-64,52) (-20,-81) (76,-42) (40,80) (67,-71) (-79,65) distance 952.50 shortcut 138.52
points (11,60) (-62,17) (-67,-16) (70,20) (-74,-39) (-97,9) (86,-46) (54,-93) distance 716.54 shortcut 158.93
points (3,-22) (-22,45) (62,13) (-43,77) (59,70) (51,-85) (-68,78) (-80,72) distance 757.05 shortcut 125.40
points (28,-8) (27,20) (-21,-34) (-28,53) (-41,-51) (55,37) (43,69) (31,83) (90,-39) (91,-83) distance 654.73 shortcut 97.95
points (10,59) (-36,-51) (44,-46) (-70,10) (76,19) (-71,-36) (23,78) (96,28) (99,-79) (-87,98) distance 1229.67 shortcut 104.55
points (-28,54) (67,-14) (73,36) distance 167.19 shortcut 102.59
points (-15,5) (-43,-12) (-32,36) (-40,43) (-57,-18) (-21,56) (-59,-41) (-66,-47) (79,-24) (-4,86) distance 636.26 shortcut 81.74
points (61,-49) (-76,38) (-88,-28) (-76,65) (-53,100) (-91,99) distance 403.04 shortcut 212.15
points (-36,33) (16,53) (68,1) (36,-68) (-69,-36) (30,85) distance 471.42 shortcut 84.02
points (-29,-39) (44,22) (59,-5) (28,63) (7,70) (-63,-73) (44,94) (-78,-100) distance 809.61 shortcut 78.24
points (6,-33) (63,25) (69,-4) (-57,-55) (86,32) (-54,100) (-95,84) distance 613.90 shortcut 154.56
points (10,-16) (-28,-29) (-20,77) (-79,33) (-62,-72) (-91,88) (88,93) distance 668.11 shortcut 134.03
points (-61,16) (53,63) (76,-33) (56,-78) distance 271.27 shortcut 150.08
points (-16,47) (48,-15) (-41,-39) (-74,11) (-51,-58) (-15,97) (-82,55) (-84,-54) distance 661.15 shortcut 121.76
points (-24,60) (-43,51) (83,-11) (51,-74) distance 232.11 shortcut 153.56
points (-8,-31) (19,-34) (35,-27) (-32,46) (-38,51) (89,-85) distance 337.60 shortcut 111.02
points (-17,35) (38,-50) (-25,73) (98,-51) (93,-65) distance 428.96 shortcut 148.66
points (2,25) (-12,36) (-43,-41) (-42,63) (30,88) (81,49) (-95,47) (81,85) distance 701.30 shortcut 99.20
points (0,0) (3,45) (38,50) (33,67) (77,35) (-74,54) (-34,-97) (-56,93) (91,61) distance 802.69 shortcut 109.55
points (28,-62) (-32,-70) (81,5) (53,-67) (66,87) distance 427.96 shortcut 153.77
points (-24,34) (62,80) (-97,-38) (-62,-84) (-96,62) distance 503.24 shortcut 77.25
points (75,-11) (-31,-79) (58,-96) distance 216.55 shortcut 86.68
points (-9,6) (9,-20) (40,-16) (44,-9) (-62,43) (78,-33) (100,9) (-100,-14) distance 597.04 shortcut 93.17
points (-35,-17) (-79,-21) (80,37) (78,51) (-39,96) (-98,-39) (55,-95) (-47,100) distance 883.25 shortcut 117.61
points (-27,25) (-20,-51) (-42,-57) (-19,-92) (96,38) (99,31) distance 322.19 shortcut 126.14
points (5,-8) (-15,-4) (33,12) (45,-29) (-41,-54) (87,-6) (-40,-83) (-86,-60) distance 539.93 shortcut 104.81
points (-56,15) (11,70) (-57,47) (25,74) (-64,-56) (62,73) (84,63) (57,-97) distance 769.10 shortcut 159.10
points (2,26) (35,60) (0,-72) (-75,-11) (-30,71) (-85,-2) (-47,85) (-46,-92) (-79,80) (-57,98) distance 941.06 shortcut 93.09
points (-26,58) (-29,-81) (77,95) distance 344.49 shortcut 109.44
points (21,20) (5,81) (-4,-84) (67,-51) (85,-25) (-55,81) (-82,-80) (-97,81) (-91,89) distance 848.77 shortcut 131.55
points (69,-13) (75,-14) (-2,80) (-88,-14) (-36,-93) distance 349.58 shortcut 132.00
points (-6,-42) (60,13) (-25,69) (-55,56) (-89,-8) (-34,95) (83,92) distance 526.67 shortcut 160.86
points (-11,11) (77,14) (-75,-46) (47,-78) (47,84) (-89,-38) (-45,96) (-71,87) (87,-91) distance 1128.85 shortcut 141.45
points (-7,18) (-7,19) (33,-35) (14,47) (6,-67) (-72,-25) (98,14) (98,-20) (-78,65) distance 759.11 shortcut 85.15
points (7,-39) (36,-39) (63,14) (31,89) (57,81) (33,95) (-88,-56) (-61,-85) (-86,69) (99,-56) distance 837.42 shortcut 93.56
points (-26,1) (30,19) (-58,9) (84,61) distance 298.61 shortcut 125.30
points (71,3) (-38,71) (-34,78) (-50,72) (-27,98) (99,34) (-89,-92) distance 555.98 shortcut 186.08
points (6,50) (-30,51) (-31,65) (75,42) (-95,-55) (93,-73) distance 543.10 shortcut 150.66
points (-36,20) (61,-23) (56,34) (74,37) (-86,-7) (-3,96) distance 479.79 shortcut 82.86
points (-36,-49) (-56,24) (68,-24) (79,4) (-17,84) (54,77) distance 435.05 shortcut 154.84
points (-17,-17) (17,55) (18,-84) (22,-88) (-9,93) (-54,-85) (-50,-92) (-91,-88) distance 640.78 shortcut 102.55
points (-6,5) (37,14) (45,-24) (41,31) (48,-30) (-62,25) (79,-24) (46,-72) (-52,78) (-12,-99) distance 890.45 shortcut 104.17
points (9,29) (-34,43) (68,7) (29,63) (-54,-62) distance 371.68 shortcut 110.68
points (4,-32) (20,-33) (25,-62) (-71,-11) (-90,59) (-92,88) distance 255.77 shortcut 153.67
points (2,16) (-53,-32) (-86,-52) (-100,45) distance 209.59 shortcut 106.04
points (-23,40) (-51,23) (37,47) (-63,-46) (-53,-68) (-27,-88) (-81,-57) (-71,-95) distance 419.06 shortcut 143.28
points (43,-70) (82,11) (-43,-80) (-32,93) distance 417.86 shortcut 179.43
points (1,-4) (11,7) (4,-23) (-42,-1) (60,-21) (-42,-69) (-59,-61) (27,-83) (38,100) distance 604.22 shortcut 110.39
points (6,38) (-92,22) (-81,68) (77,75) (65,94) distance 327.22 shortcut 81.34
points (-6,15) (23,-34) (47,-26) (-54,-5) (46,46) (20,-78) (72,-40) (-71,-42) (93,96) distance 846.10 shortcut 127.91
points (-3,-21) (34,-50) (-31,88) (98,-12) (-75,-98) distance 555.97 shortcut 105.42
points (22,-1) (36,13) (32,71) (-83,7) (86,4) (85,-28) (96,-41) (98,70) distance 538.64 shortcut 104.00
points (-26,-28) (-33,47) (-56,50) (-3,87) (77,-50) (-88,-53) (-82,86) (100,-88) distance 877.76 shortcut 139.56
points (-5,0) (-11,-21) (-13,-29) (33,0) (61,13) (-6,80) (31,-84) (86,-30) (-98,17) distance 645.20 shortcut 94.54
points (8,-31) (1,49) (-44,53) (-27,-66) (-80,21) distance 347.56 shortcut 102.22
points (27,-14) (-62,27) (-36,71) (-73,71) distance 186.10 shortcut 131.24
points (-8,24) (-46,13) (-4,49) (-57,19) (-62,-18) (81,1) (-71,-41) (82,-3) (-95,80) distance 848.21 shortcut 103.46
points (42,-4) (24,53) (45,-38) (-23,60) (-66,-35) (-66,-45) (-34,73) (-50,82) (-30,-93) distance 703.48 shortcut 114.48
points (-26,25) (23,-30) (73,-6) (79,-8) (85,-35) (95,35) (51,88) (97,-37) (-59,93) distance 638.96 shortcut 75.58
points (39,-25) (-20,76) (86,-8) (85,41) (-83,75) (93,75) distance 648.63 shortcut 113.65
points (16,80) (85,41) (-94,-57) distance 283.33 shortcut 175.70
points (26,-26) (-45,-17) (-46,19) (46,59) (11,85) (89,77) distance 329.91 shortcut 120.74
points (-11,56) (-18,60) (8,65) (-13,69) (80,30) (-38,-93) (93,-39) (68,99) (-96,96) distance 773.18 shortcut 93.94
points (-22,-61) (63,29) (43,68) (29,-92) (84,53) (-96,37) distance 664.03 shortcut 122.80
points (42,7) (5,49) (66,-54) (49,-71) (53,-84) (97,77) distance 380.23 shortcut 89.02
points (45,-62) (-91,29) (-66,99) (-76,-94) distance 431.23 shortcut 125.16
points (-14,0) (36,9) (-64,53) (-62,77) (-94,48) distance 227.32 shortcut 93.30
points (-10,26) (-72,9) (-70,-36) (61,-57) (-82,-19) distance 389.97 shortcut 84.91
points (44,-41) (59,-13) (90,-28) distance 66.20 shortcut 47.80
points (7,35) (35,-38) (0,56) (27,63) (-74,34) (-32,99) distance 388.85 shortcut 74.95
points (29,-5) (31,-8) (51,30) (-28,71) (62,57) (-78,63) (99,58) (-87,-79) (96,-87) distance 958.02 shortcut 105.89
points (-19,22) (-29,12) (-18,-42) (-26,-44) (-60,-33) (-82,-3) distance 150.43 shortcut 67.78
points (5,17) (-30,65) (71,-18) (-36,-69) (20,-95) (-52,86) distance 565.20 shortcut 89.50
points (7,35) (14,-42) (-41,-21) (-74,-5) (32,88) distance 313.88 shortcut 58.60
points (31,-32) (-34,-45) (-31,62) (73,27) (100,74) distance 337.26 shortcut 126.48
points (-88,6) (12,90) (-24,95) (86,48) (97,-20) (44,-95) distance 447.29 shortcut 166.21
points (20,-27) (43,-3) (48,-12) (-10,-82) (12,-92) (-82,-44) (88,58) distance 462.41 shortcut 108.85
points (8,-13) (7,26) (63,24) (51,57) (-77,53) (52,-86) (95,43) (89,-65) (93,92) distance 849.06 shortcut 135.09
points (-1,0) (-47,-61) (77,-16) (78,41) (54,-74) (-75,-76) (99,-42) distance 689.11 shortcut 108.46
points (42,-11) (33,-41) (20,58) (-72,16) (4,89) (84,-58) (-68,81) (74,-96) distance 937.94 shortcut 90.82
points (-3,-7) (8,5) (7,17) (0,-36) (39,38) (65,-13) (-78,-7) (15,85) (88,38) (94,-99) distance 720.57 shortcut 133.69
points (-63,-41) (-87,4) (-79,41) (-93,-8) (-48,-88) (-94,46) (43,96) (-75,-92) (-79,-98) distance 748.29 shortcut 59.20
points (7,-41) (53,33) (60,-66) distance 186.38 shortcut 58.60
points (49,-19) (-69,56) (80,46) (-77,77) distance 449.18 shortcut 158.40
points (-19,27) (68,2) (88,99) distance 189.56 shortcut 128.97
points (-5,70) (85,-51) (77,-74) (-52,-96) (-99,-60) distance 365.22 shortcut 160.42
points (14,24) (-28,-10) (4,-34) (-48,37) (-60,34) (88,-7) (-67,60) distance 516.85 shortcut 88.64
points (-1,-70) (24,75) (-23,81) distance 194.52 shortcut 152.59
points (4,-1) (5,-11) (-22,-25) (11,-51) (-54,18) (43,56) (88,-1) distance 354.07 shortcut 84.00
points (44,-17) (42,25) (-77,2) (-87,37) distance 199.65 shortcut 141.69
points (-31,-13) (76,-29) (-86,-39) distance 270.50 shortcut 60.84
points (-20,-21) (20,-70) (83,-4) (23,80) (41,77) distance 275.97 shortcut 115.43
points (7,57) (77,7) (65,45) (-71,44) (27,-90) (74,-68) (-70,75) (98,-31) (-49,-93) distance 1040.91 shortcut 160.11
points (-9,-7) (69,-24) (-43,91) (-37,-96) distance 427.45 shortcut 93.30
points (7,-26) (24,-40) (49,18) (-4,-57) (54,-27) (75,-16) (-24,-80) (-42,-83) (-97,20) (-46,99) distance 612.95 shortcut 135.77
points (-8,20) (18,-76) (65,-48) (-42,74) (-86,20) (87,-25) (-89,32) (-97,-24) (26,97) distance 978.96 shortcut 84.17
points (10,11) (20,46) (4,-56) (80,-63) distance 215.97 shortcut 101.86
points (12,51) (52,-7) (-77,0) (81,0) (79,48) (-90,60) (-69,85) distance 607.76 shortcut 87.85
points (-5,0) (78,6) (86,68) distance 145.73 shortcut 113.60
points (-34,37) (-8,-57) (80,-24) (55,-76) (27,-93) (-72,66) (-94,-28) (58,84) (-58,84) (-82,-78) distance 1034.38 shortcut 124.62
points (5,-54) (28,-60) (-39,72) (2,85) (89,-16) (-80,49) (-74,-98) distance 676.31 shortcut 90.43
points (-10,-22) (-10,-52) (44,56) (-27,-73) (25,-74) (43,72) (-88,-90) distance 705.45 shortcut 103.48
points (-32,-35) (-31,-43) (42,60) (75,4) (-76,-2) (-32,71) (-45,-65) (82,32) distance 732.09 shortcut 132.23
points (22,-29) (34,-35) (18,-82) (76,-41) (69,-66) distance 160.05 shortcut 59.82
points (-9,38) (-40,60) (51,74) (-85,89) (-94,95) distance 277.73 shortcut 102.34
points (60,-28) (25,62) (69,-21) (-64,-61) (2,89) (54,88) distance 545.28 shortcut 116.16
points (4,-17) (-24,-5) (53,-10) (-60,71) (94,-16) (-91,53) (-72,-77) (80,-99) distance 905.95 shortcut 111.80
points (31,-33) (-51,-51) (-53,66) (100,88) distance 355.54 shortcut 139.29
points (-36,-11) (-46,4) (36,33) (-40,-42) (81,-26) (-63,67) (-49,-82) (96,-36) (87,-85) (-91,-86) distance 1034.85 shortcut 93.01
points (-17,-40) (-39,24) (37,49) (-11,67) (-5,92) (-71,-59) (59,75) (-95,42) (48,100) (-100,64) distance 1040.27 shortcut 133.06
points (56,-23) (-43,-48) (80,-50) (-97,-32) (88,92) distance 625.75 shortcut 119.37
points (-24,-67) (-77,59) (84,-70) (58,98) (69,94) (81,88) distance 538.12 shortcut 187.22
points (-27,-10) (-25,30) (-27,-33) (50,-14) (41,-45) (19,-74) (76,-15) (-57,-80) (96,-48) distance 637.45 shortcut 128.74
points (15,-29) (55,42) (-81,45) (73,72) distance 373.87 shortcut 116.47
points (-25,-36) (77,-46) (74,93) distance 241.52 shortcut 162.61
points (22,-22) (-21,43) (-7,-69) (4,71) (-80,10) (79,-27) (-33,91) (-54,-83) (-99,97) distance 1121.79 shortcut 169.71
points (22,63) (-19,69) (31,73) (83,0) (-93,22) (66,92) distance 532.32 shortcut 52.70
points (15,33) (-13,-48) (26,-45) (-20,52) (37,51) (-5,-67) (-69,41) (-84,31) distance 558.00 shortcut 99.02
points (29,8) (39,7) (-54,-60) (-85,-8) (-54,70) (92,68) (-56,100) distance 566.58 shortcut 125.26
points (-23,-23) (30,30) (-43,26) (-49,-16) (24,50) (-22,54) (54,-27) (-60,-29) (40,72) (72,42) distance 746.16 shortcut 115.11
points (-26,5) (23,-29) (41,-21) (-10,56) (-33,91) (72,68) (32,97) (-88,81) distance 491.54 shortcut 98.08
points (17,-26) (35,-2) (-18,-44) (54,32) (-63,12) (-59,73) (-59,75) (-10,96) distance 437.45 shortcut 124.95
points (2,56) (-58,-38) (-33,98) distance 249.80 shortcut 54.67
points (31,-31) (56,-7) (28,56) (-71,22) (25,92) (-69,-66) (19,96) distance 695.29 shortcut 127.57
points (8,-16) (15,26) (36,41) (-53,-20) (-56,-22) (-62,24) (44,55) (12,84) (-93,53) (97,46) distance 679.51 shortcut 108.47
points (-13,-27) (15,29) (-15,-46) (31,-45) (-58,-16) (-12,-68) (-50,82) (95,-22) distance 685.61 shortcut 108.12
points (15,-6) (-12,33) (-9,34) (32,34) (73,43) (-80,35) (-78,57) (92,-36) (48,-90) distance 572.30 shortcut 90.25
points (30,-22) (-66,42) (-2,-93) (-97,-56) distance 366.73 shortcut 131.47
points (-55,8) (25,70) (69,28) (79,-34) (95,29) (-45,89) (97,69) distance 585.56 shortcut 163.78
points (1,32) (31,-60) (-70,-14) (39,67) (37,73) (-92,69) (92,79) (100,-98) distance 840.39 shortcut 163.40
points (-47,0) (-58,-61) (66,60) (-92,24) (71,65) (86,-92) distance 723.08 shortcut 161.72
points (22,-27) (-53,-5) (-7,-55) (-67,11) (-81,-19) (-60,61) (85,-78) (86,83) distance 712.98 shortcut 127.26
points (-31,-2) (22,-25) (44,-45) (6,-96) (81,61) (51,-97) (-92,94) (92,-97) distance 989.74 shortcut 155.42
points (3,-26) (36,-19) (33,35) (-45,-20) (-31,-40) (-6,63) (-25,65) (-65,54) (94,-80) (84,-98) distance 602.78 shortcut 108.37
points (-2,8) (-92,5) (55,-87) distance 263.47 shortcut 110.79
points (29,16) (-23,30) (-37,-32) (47,-27) (-26,77) (37,76) (-23,-89) (75,-57) (26,99) (-40,97) distance 899.84 shortcut 106.40
points (-10,-13) (56,-6) (14,-66) (72,-36) (62,-53) (58,-62) (29,-83) (-32,-82) (-95,-35) distance 409.89 shortcut 87.80
points (33,-66) (-76,24) (-74,36) (49,-68) (-49,-77) (28,-89) (-1,-95) (-88,74) distance 710.63 shortcut 185.04
points (-6,-13) (-4,56) (52,-41) (67,-13) (-71,-50) (95,69) distance 559.92 shortcut 130.10
points (26,-9) (-44,-94) (99,-58) (95,83) distance 398.63 shortcut 115.00
points (7,48) (53,14) (26,-86) (-57,77) distance 343.70 shortcut 70.26
points (12,50) (-14,-72) (-10,-73) (-33,96) (79,-78) distance 506.35 shortcut 144.47
points (-49,-21) (-54,-25) (29,64) (-31,73) (63,-61) (9,-91) (-55,-94) (54,-100) (-99,-65) distance 744.41 shortcut 66.60
points (-9,-4) (-36,-9) (64,-17) (43,64) (-21,75) (66,-42) (-4,-83) (-86,-38) (-95,45) (86,80) distance 864.70 shortcut 126.81
points (30,7) (31,-17) (-22,-67) (71,9) (-73,11) (-31,-70) (-28,87) (100,-13) (-80,85) (95,-79) distance 1216.49 shortcut 107.80
points (-3,45) (6,-70) (48,-52) distance 161.05 shortcut 109.59
points (-6,0) (-4,21) (50,24) (19,61) (86,6) (-6,90) (-95,-13) (-100,25) (-84,60) (60,-91) distance 756.30 shortcut 112.41
points (-8,-25) (5,36) (-11,38) (-40,-22) (-11,48) (58,-1) (-55,-52) (-79,-20) (82,30) distance 638.09 shortcut 105.48
points (-44,-29) (-44,-44) (-89,6) (-89,-24) (-89,-25) (-89,53) (-47,-96) (-94,93) distance 540.83 shortcut 131.85
points (20,27) (-92,21) (-94,34) distance 125.31 shortcut 114.21
points (37,7) (46,-25) (64,18) (75,13) (78,3) (-77,-25) (-85,21) (-79,48) (-84,56) (77,84) distance 507.09 shortcut 86.77
points (1,-12) (-10,19) (45,-23) (88,-11) (53,81) (15,-98) (-72,77) distance 623.59 shortcut 115.11
points (-25,-86) (-95,23) (-98,-3) (96,-81) distance 364.81 shortcut 121.10
points (-50,1) (-57,27) (-61,-60) (-10,-85) (92,67) (-64,-97) (-98,-84) (98,99) distance 884.76 shortcut 177.50
points (17,-21) (36,7) (30,-43) distance 84.20 shortcut 25.55
points (-18,5) (-22,-13) (66,35) (18,79) (-29,-76) (47,-71) (-63,-79) distance 532.22 shortcut 95.29
points (-17,26) (37,0) (28,48) (-80,-11) (-90,-27) (69,-79) distance 417.99 shortcut 135.72
points (-48,-32) (-58,39) (72,-7) (76,22) (-81,14) (74,-49) (-96,-5) (-64,-81) (-96,82) (91,88) distance 1174.66 shortcut 183.63
points (35,-8) (96,-26) (81,87) distance 177.59 shortcut 105.55
points (67,-33) (2,-77) (-88,-8) distance 191.90 shortcut 157.00
points (-16,15) (-88,14) (84,-100) distance 278.36 shortcut 152.40
points (-6,-10) (-46,9) (-29,-45) (68,-16) (70,15) (-35,-83) (-48,-84) (96,93) distance 618.05 shortcut 144.96
points (32,15) (41,8) (24,39) (52,4) (-19,-78) (40,83) (-95,-10) (-70,79) (95,-50) (-98,72) distance 1065.66 shortcut 141.95
points (-56,59) (83,-10) (63,-59) (-42,-86) (40,-93) distance 398.82 shortcut 179.78
points (-43,29) (-70,-31) (33,86) (95,56) (94,74) distance 308.58 shortcut 144.20
points (26,-16) (-45,-13) (-62,-14) (-74,-21) (-13,-86) (93,-45) (87,79) (-64,-99) (-83,95) (-92,-97) distance 1049.48 shortcut 143.13
points (30,30) (-5,-93) (-77,-68) distance 204.10 shortcut 145.10
points (7,-32) (22,43) (-35,-37) (-48,-19) (63,18) (-64,-45) (-64,65) (-74,88) (93,87) distance 757.77 shortcut 146.82
points (17,32) (0,55) (48,-31) (-45,-78) (-91,17) (6,-95) (-89,-36) (-10,-97) distance 696.65 shortcut 131.80
points (7,-38) (-15,36) (14,54) (56,-44) (-19,-77) (27,85) (84,-33) (-75,-51) (95,4) (70,74) distance 1012.36 shortcut 128.50
points (-8,16) (-14,-31) (-45,32) (-62,5) (-76,-21) (-68,-70) (-54,90) distance 389.29 shortcut 87.13
points (24,7) (-2,-96) (-2,-100) (99,-29) distance 233.69 shortcut 83.19
points (-15,-9) (-24,-23) (28,-31) (35,-30) (-39,43) (-55,29) (-14,-69) (-44,66) (73,-65) (-74,70) distance 821.28 shortcut 98.60
points (-36,21) (36,-33) (39,98) distance 221.03 shortcut 107.49
points (51,-71) (79,-53) (80,-60) (-98,97) distance 277.70 shortcut 224.56
points (20,-53) (0,-70) (2,76) distance 172.26 shortcut 130.25
points (-2,18) (-26,33) (38,-27) (7,-50) (-51,29) (85,67) (68,-97) (100,-82) distance 594.06 shortcut 142.84
points (12,11) (-35,-36) (-73,18) (60,-66) (89,45) distance 404.53 shortcut 84.17
points (40,-35) (-35,50) (29,-69) (-69,53) (-69,-57) (-4,91) (28,-89) (-9,-96) (29,94) (93,77) distance 1157.07 shortcut 123.91
points (7,-57) (-69,-52) (-35,95) (97,49) distance 366.83 shortcut 139.05
points (43,67) (20,81) (-26,84) (-13,-90) distance 247.51 shortcut 166.69
points (3,-7) (-7,11) (2,-22) (36,54) (67,24) (-56,57) (34,-92) (76,-95) distance 524.72 shortcut 114.34
points (42,12) (19,-47) (-56,-75) (96,12) (-96,-53) distance 521.22 shortcut 152.54
points (43,-5) (-71,8) (-80,-5) (65,-57) (-49,77) (89,-35) (-97,44) distance 840.34 shortcut 148.33
points (15,11) (-42,-25) (67,84) distance 221.57 shortcut 89.63
points (66,-2) (45,60) (-62,44) (-30,88) (0,95) (35,-89) (-55,84) (-82,-97) (-98,98) distance 1019.83 shortcut 192.08
points (-27,-6) (-45,36) (-72,-12) distance 100.77 shortcut 45.40
points (-66,43) (9,-88) (26,-88) (-79,89) distance 373.75 shortcut 47.80
points (-28,-24) (50,-30) (-35,-48) (-69,-46) (-83,-28) (-80,-47) (58,-79) (46,-88) (-72,-69) (-22,98) distance 691.72 shortcut 122.15
points (4,39) (-51,-24) (-4,-57) (-61,-20) (-80,-27) (4,-95) (-90,-52) (35,-100) (-59,99) distance 794.69 shortcut 87.00
points (-3,54) (-71,-6) (96,-49) distance 263.13 shortcut 142.86
points (29,-19) (-49,-17) (52,42) (51,-63) (15,93) (-64,79) distance 540.33 shortcut 135.10
points (21,-28) (52,27) (12,-64) (-45,-54) (-80,-32) (-90,-49) distance 281.47 shortcut 112.97
points (-19,26) (-53,-23) (-62,11) (14,-74) (-34,71) (98,-24) (67,-83) (81,95) distance 769.40 shortcut 121.49
points (30,21) (49,62) (53,63) (54,81) (-100,-6) (77,84) distance 442.78 shortcut 78.60
points (14,32) (-59,63) (30,-88) (-83,48) (79,-95) distance 647.49 shortcut 142.67
points (-65,-2) (8,-65) (-16,-64) (-67,-31) (-2,-81) (64,-50) (-38,77) (-19,97) (79,-82) (-85,78) distance 959.78 shortcut 82.46
points (-50,-16) (30,-44) (7,-55) (17,75) (-33,-73) (-91,-17) (-92,-49) (-85,-64) (80,77) (-98,-92) distance 988.53 shortcut 89.89
points (33,16) (6,-75) (54,-61) (-58,-78) (95,37) distance 449.60 shortcut 65.46
points (-2,-18) (62,-22) (-60,-46) (31,82) (60,-65) (-38,93) distance 681.27 shortcut 116.69
points (-27,-65) (-27,-65) (83,-21) (46,95) distance 240.23 shortcut 175.87
points (1,8) (-40,-9) (-44,-17) (-46,-15) (57,-52) (-53,91) (70,-97) distance 570.68 shortcut 125.64
points (35,-28) (-58,43) (-84,29) distance 146.53 shortcut 131.95
points (4,-11) (41,-2) (-97,-35) distance 179.97 shortcut 103.81
points (-18,42) (-43,30) (12,-80) (-88,2) (85,-29) distance 455.79 shortcut 125.10
points (20,18) (22,26) (-44,-16) distance 86.48 shortcut 72.47
points (31,-16) (20,-39) (19,-50) (-31,-50) (66,48) (-90,-42) (-91,-50) distance 412.59 shortcut 126.65
points (-24,20) (-5,-35) (42,-6) (75,-27) (97,-12) (98,-10) (95,-54) distance 225.50 shortcut 140.13
points (59,22) (4,65) (-19,-86) (4,91) (93,-91) distance 603.64 shortcut 118.00
points (18,82) (66,-65) (93,-19) distance 207.98 shortcut 125.80
points (6,-15) (70,6) (-9,-88) (89,0) distance 321.86 shortcut 84.34
points (-70,-6) (-36,-67) (-1,-86) (-47,79) (-34,89) (-66,-98) distance 487.07 shortcut 92.09
points (-43,-4) (95,-5) (86,-41) (70,-94) distance 230.47 shortcut 144.46
points (-12,-3) (20,-45) (-67,20) (-13,69) (65,-47) (64,-67) (67,86) distance 547.16 shortcut 119.00
points (-34,5) (28,21) (-61,-31) (-14,75) (36,-74) (-68,-51) (76,-43) (40,99) (-90,-97) distance 1072.65 shortcut 116.36
points (38,4) (-3,58) (-81,32) (-63,63) (91,-23) (-51,-89) distance 518.84 shortcut 128.72
points (36,-20) (-5,-60) (30,64) (13,85) (50,-90) (100,29) (42,-100) (-85,73) (-88,96) distance 900.33 shortcut 169.80
points (-6,29) (-35,-30) (-33,35) (40,41) (-39,43) (66,-3) (99,4) (-77,68) distance 618.69 shortcut 81.01
points (-47,-19) (56,8) (63,44) (-12,81) (86,-18) (22,-89) (-82,-52) (89,-40) distance 743.48 shortcut 137.61
points (-14,30) (-27,28) (11,54) (70,33) (82,4) (34,79) (48,-77) distance 398.88 shortcut 123.66
points (61,-10) (-1,-78) (73,30) (-81,26) (-69,-99) distance 502.57 shortcut 157.55
points (25,76) (-56,-73) (-91,51) distance 298.44 shortcut 118.66
points (9,-40) (38,-42) (60,-11) (-29,-67) (82,-4) (-41,-72) (-39,83) (-93,39) (96,-75) (-97,88) distance 1138.42 shortcut 166.19
points (31,15) (-64,16) (53,64) (67,-78) distance 364.16 shortcut 99.72
points (-23,-49) (-52,-82) (-75,-70) (38,96) distance 270.68 shortcut 157.31
points (-8,-28) (36,-13) (-8,-40) (-43,54) (-64,-28) (57,-43) (11,-78) (67,-47) (60,-69) (-75,88) distance 756.94 shortcut 133.96
points (-16,50) (43,-35) (12,-63) (30,65) (-24,-80) (67,58) distance 594.53 shortcut 83.38
points (36,19) (44,-34) (-5,60) (-16,59) (-48,-72) (-19,85) (-97,54) distance 549.09 shortcut 137.53
points (-34,-22) (-39,-61) (-71,32) (-50,68) (70,67) (-93,76) distance 462.60 shortcut 114.39
points (0,18) (27,20) (56,-18) (52,-30) (44,-63) (-88,37) (-57,81) (-48,90) (86,-87) (88,97) distance 759.65 shortcut 118.26
points (5,59) (2,60) (39,73) (79,26) (-67,-77) (45,-97) (84,-100) distance 435.66 shortcut 177.54
points (12,37) (-43,29) (-62,-78) (96,51) distance 368.23 shortcut 85.16
points (65,38) (-26,75) (97,-36) distance 263.91 shortcut 80.62
points (31,-43) (-64,57) (58,-68) distance 312.60 shortcut 36.80
points (48,-2) (-82,-54) (-91,84) distance 278.31 shortcut 163.45
points (7,8) (-97,-37) (64,88) (-100,61) distance 483.35 shortcut 119.41
points (-48,-26) (9,68) (-52,-96) distance 284.91 shortcut 70.11
points (6,47) (-9,60) (-79,-40) distance 141.91 shortcut 121.63
points (4,-20) (17,31) (-23,-49) (52,23) (-14,64) (-74,-28) (-8,86) (-83,-68) (93,-85) distance 913.41 shortcut 110.21
points (-23,-5) (-30,28) (-68,55) (-85,45) (95,-69) distance 313.14 shortcut 134.24
points (31,-43) (-72,-57) (90,35) (32,97) (47,94) (78,-74) (69,-91) (90,97) distance 769.69 shortcut 151.92
points (-23,-5) (-44,34) (59,53) (-21,78) distance 232.85 shortcut 83.02
points (-19,36) (-37,45) (71,23) (-25,83) (23,-84) (80,-37) (26,-90) (77,-67) (-77,86) distance 839.88 shortcut 76.58
points (-5,-8) (-39,0) (55,21) (-26,55) (38,-53) (-25,62) (24,77) (-37,72) (84,68) (95,-54) distance 831.77 shortcut 110.07
points (76,0) (-76,-17) (-45,-69) (57,82) distance 395.71 shortcut 84.17
points (-43,-43) (13,-74) (-60,-59) (3,-92) (94,-24) (-83,-57) distance 503.30 shortcut 42.38
points (15,-18) (31,-56) (-60,-48) (79,11) (-59,-60) (-40,75) (77,55) (85,98) distance 737.54 shortcut 135.48
points (-25,-48) (-1,-69) (6,74) (-73,46) (90,-37) distance 441.79 shortcut 115.52
points (36,-1) (36,-42) (-13,63) (50,-46) (70,-18) (82,50) (97,19) (0,99) (-73,79) (84,70) distance 779.35 shortcut 85.70
points (7,1) (23,33) (63,1) (1,63) (-81,15) (-96,-10) (97,-50) (-87,-82) distance 682.72 shortcut 125.40
points (-28,8) (32,-15) (20,32) (39,-25) (32,-47) (76,-22) (-48,71) (-46,-75) (32,-83) (97,-9) distance 724.46 shortcut 126.15
points (20,-20) (67,-4) (-46,-52) (-66,-47) (-89,23) (-29,97) (-85,-59) (-83,95) distance 681.75 shortcut 154.38
points (-25,-9) (-41,-11) (61,9) (-70,14) (-21,74) (53,-57) (-38,82) (7,92) (-89,85) distance 787.58 shortcut 113.72
points (1,34) (26,-41) (-45,62) distance 204.16 shortcut 53.85
points (75,-3) (-65,55) (89,50) (53,88) distance 357.96 shortcut 93.62
points (7,-7) (-8,40) (-34,64) (52,54) (-46,76) (86,-36) (-91,-65) (-94,-87) (95,97) distance 910.19 shortcut 136.24
points (38,-10) (55,33) (70,36) (-37,-71) (-64,-50) (33,-93) (-95,32) (91,-59) distance 739.14 shortcut 72.18
points (-6,15) (60,19) (-29,-89) (-58,80) (85,54) (74,89) distance 559.57 shortcut 108.98
points (-38,-49) (22,-63) (-42,-53) (71,-6) (-10,82) (78,61) (-80,62) (92,-84) distance 842.46 shortcut 134.63
points (-52,2) (45,-35) (51,-32) (-10,-97) (-55,-83) distance 246.79 shortcut 85.05
points (-10,-5) (17,-40) (18,49) (27,59) (-49,-44) (61,49) (65,-52) (-11,-90) (89,-52) (-57,99) distance 921.78 shortcut 114.13
points (30,65) (-69,-53) (-38,81) (-93,-24) (-89,-54) (96,42) (-63,-94) (99,-64) (82,-89) distance 1053.01 shortcut 162.54
points (27,-23) (-83,-2) (59,-67) (-42,100) distance 463.32 shortcut 141.03
points (67,30) (42,79) (-95,-22) (-84,-83) (-79,-91) distance 296.63 shortcut 189.62
points (-8,-38) (-14,-85) (-89,-22) (-33,-87) distance 231.13 shortcut 55.01
points (-12,5) (-48,7) (-19,-50) (61,64) distance 239.28 shortcut 93.86
points (2,43) (53,-1) (-69,28) distance 192.76 shortcut 72.57
points (-9,-75) (29,82) (-79,-45) (93,18) (-8,98) (-86,-70) (85,-94) distance 998.17 shortcut 95.90
points (-9,-39) (17,52) (11,78) (-86,-8) (77,-75) distance 427.19 shortcut 93.23
points (-38,-7) (32,61) (46,66) (17,87) distance 148.26 shortcut 108.91
points (10,-21) (9,-48) (2,59) (-43,43) (-38,57) (71,42) (63,-58) (-82,-55) (95,-50) distance 729.32 shortcut 89.81
points (24,-41) (47,14) (36,-38) (7,61) (-71,23) (-56,-81) distance 407.77 shortcut 89.44
points (8,-19) (23,8) (17,-22) (53,-36) (64,-49) (79,39) (90,-16) (98,-64) (-81,-92) distance 492.33 shortcut 115.11
points (3,67) (-45,54) (51,61) (28,79) distance 175.19 shortcut 27.73
points (38,0) (-47,-3) (-51,-1) (-60,-40) (31,72) (-80,31) (-88,23) (85,84) distance 586.94 shortcut 96.25
